Arguments: 
  C:\Program Files\nodejs\node.exe C:\Users\blake\AppData\Roaming\npm\node_modules\yarn\bin\yarn.js start

PATH: 
  C:\Users\blake\bin;C:\Program Files\Git\mingw64\bin;C:\Program Files\Git\usr\local\bin;C:\Program Files\Git\usr\bin;C:\Program Files\Git\usr\bin;C:\Program Files\Git\mingw64\bin;C:\Program Files\Git\usr\bin;C:\Users\blake\bin;C:\Program Files (x86)\Intel\iCLS Client;C:\Program Files\Intel\iCLS Client;C:\Windows\system32;C:\Windows;C:\Windows\System32\Wbem;C:\Windows\System32\WindowsPowerShell\v1.0;C:\Windows\System32\OpenSSH;C:\Program Files (x86)\Intel\Intel(R) Management Engine Components\DAL;C:\Program Files\Intel\Intel(R) Management Engine Components\DAL;C:\Program Files (x86)\Intel\Intel(R) Management Engine Components\IPT;C:\Program Files\Intel\Intel(R) Management Engine Components\IPT;C:\Program Files\Intel\WiFi\bin;C:\Program Files\Common Files\Intel\WirelessCommon;C:\Program Files\nodejs;C:\Program Files\MongoDB\Server\4.0\bin;C:\Users\blake\AppData\Local\Microsoft\WindowsApps;C:\Users\blake\AppData\Local\Programs\Microsoft VS Code\bin;C:\Users\blake\AppData\Roaming\npm;C:\Program Files\heroku\bin;C:\Program Files\Git\usr\bin\vendor_perl;C:\Program Files\Git\usr\bin\core_perl

Yarn version: 
  1.16.0

Node version: 
  10.15.3

Platform: 
  win32 x64

Trace: 
  SyntaxError: C:\Users\blake\Desktop\project_3\Project-3\package.json: Unexpected string in JSON at position 1534
      at JSON.parse (<anonymous>)
      at C:\Users\blake\AppData\Roaming\npm\node_modules\yarn\lib\cli.js:1625:59
      at Generator.next (<anonymous>)
      at step (C:\Users\blake\AppData\Roaming\npm\node_modules\yarn\lib\cli.js:304:30)
      at C:\Users\blake\AppData\Roaming\npm\node_modules\yarn\lib\cli.js:315:13

npm manifest: 
  {
    "name": "mern",
    "version": "1.0.0",
    "description": "specialneedsunited",
    "main": "server.js",
    "scripts": {
      "start": "if-env NODE_ENV=production && npm run start:prod || npm run start:dev",
      "start:prod": "node server.js",
      "start:dev": "concurrently \"nodemon --ignore 'client/*'\" \"npm run client\"",
      "client": "cd client && npm run start",
      "install": "cd client && npm install",
      "build": "cd client && npm run build",
      "heroku-postbuild": "npm run build",
      "lint": "eslint \"**/*.js\"",
      "fix": "eslint --fix ."
    },
    "author": "",
    "license": "ISC",
    "devDependencies": {
      "babel-eslint": "9.0.0",
      "concurrently": "^4.1.0",
      "eslint": "5.12.0",
      "eslint-config-prettier": "^4.1.0",
      "eslint-config-react-app": "^3.0.7",
      "eslint-plugin-flowtype": "^3.4.2",
      "eslint-plugin-import": "^2.16.0",
      "eslint-plugin-jsx-a11y": "^6.2.1",
      "eslint-plugin-prettier": "^3.0.1",
      "eslint-plugin-react": "^7.12.4",
      "mocha": "^5.2.0",
      "nodemon": "^1.18.7",
      "prettier": "^1.16.4"
    },
    "dependencies": {
      "axios": "^0.19.0",
      "bcrypt": "^3.0.4",
      "body-parser": "^1.18.3",
      "cheerio": "^1.0.0-rc.3",
      "connect-mongo": "^2.0.3",
      "dotenv": "^6.2.0",
      "email-validator": "^2.0.4",
      "express": "^4.16.3",
      "express-session": "^1.15.6",
      "gofundme": "^0.1.1",
      "google": "^2.1.0",
      "if-env": "^1.0.4",
      "mongoose": "^5.4.14",
      "passport": "^0.4.0",
      "passport-google-oauth20": "^1.0.0",
  
      "uuid": "^3.3.2"
  
      "yarn": "^1.16.0"
  
    }
  }

yarn manifest: 
  No manifest

Lockfile: 
  No lockfile
